arial.ttf
ariblk.ttf
arialbd.ttf
arialbi.ttf
arialli.ttf
arialn.ttf
arialnb.ttf
arialnbi.ttf
arialni.ttf
cour.ttf
courbd.ttf
courbi.ttf
couri.ttf
lucon.ttf
l_10646.ttf
impact.ttf
micross.ttf
outlook.ttf
symbol.ttf
tahoma.ttf
tahomabd.ttf
times.ttf
timesbd.ttf
timesbi.ttf
timesi.ttf
verdana.ttf
verdanab.ttf
verdanaz.ttf
verdanai.ttf
webdings.ttf
wingding.ttf
wingdng2.ttf
wingdng3.ttf
hhsamc.ttf
gulim.ttc
msgothic.ttc
batang.ttc
msmincho.ttc
simsun.ttc
simhei.ttf
segoe.ttf
segoeb.ttf
segoepr.ttf
segoeprb.ttf
segoesc.ttf
segoescb.ttf
segoeui.ttf
segoeuib.ttf
segoeuii.ttf
segoeuil.ttf
segoeuiz.ttf
trebuc.ttf
trebucbd.ttf
trebucbi.ttf
trebucit.ttf
malgun.ttf
malgunbd.ttf
gothic.ttf
tothicb.ttf
tothicbi.ttf
gothici.ttf
georgia.ttf
georgiab.ttf
georgiai.ttf
georgiaz.ttf